This is pdfTeX, Version 3.14159265-2.6-1.40.16 (TeX Live 2015) (preloaded format=pdflatex 2015.5.24)  6 MAY 2016 21:15
entering extended mode
 restricted \write18 enabled.
 file:line:error style messages enabled.
 %&-line parsing enabled.
**sig-alternate-sample.tex
(./sig-alternate-sample.tex
LaTeX2e <2015/01/01>
Babel <3.9l> and hyphenation patterns for 79 languages loaded.
(./sig-alternate-05-2015.cls
(/usr/local/texlive/2015/texmf-dist/tex/latex/graphics/epsfig.sty
Package: epsfig 1999/02/16 v1.7a (e)psfig emulation (SPQR)

(/usr/local/texlive/2015/texmf-dist/tex/latex/graphics/graphicx.sty
Package: graphicx 2014/10/28 v1.0g Enhanced LaTeX Graphics (DPC,SPQR)

(/usr/local/texlive/2015/texmf-dist/tex/latex/graphics/keyval.sty
Package: keyval 2014/10/28 v1.15 key=value parser (DPC)
\KV@toks@=\toks14
)
(/usr/local/texlive/2015/texmf-dist/tex/latex/graphics/graphics.sty
Package: graphics 2014/10/28 v1.0p Standard LaTeX Graphics (DPC,SPQR)

(/usr/local/texlive/2015/texmf-dist/tex/latex/graphics/trig.sty
Package: trig 1999/03/16 v1.09 sin cos tan (DPC)
)
(/usr/local/texlive/2015/texmf-dist/tex/latex/latexconfig/graphics.cfg
File: graphics.cfg 2010/04/23 v1.9 graphics configuration of TeX Live
)
Package graphics Info: Driver file: pdftex.def on input line 94.

(/usr/local/texlive/2015/texmf-dist/tex/latex/pdftex-def/pdftex.def
File: pdftex.def 2011/05/27 v0.06d Graphics/color for pdfTeX

(/usr/local/texlive/2015/texmf-dist/tex/generic/oberdiek/infwarerr.sty
Package: infwarerr 2010/04/08 v1.3 Providing info/warning/error messages (HO)
)
(/usr/local/texlive/2015/texmf-dist/tex/generic/oberdiek/ltxcmds.sty
Package: ltxcmds 2011/11/09 v1.22 LaTeX kernel commands for general use (HO)
)
\Gread@gobject=\count79
))
\Gin@req@height=\dimen102
\Gin@req@width=\dimen103
)
\epsfxsize=\dimen104
\epsfysize=\dimen105
)
(/usr/local/texlive/2015/texmf-dist/tex/latex/amsfonts/amssymb.sty
Package: amssymb 2013/01/14 v3.01 AMS font symbols

(/usr/local/texlive/2015/texmf-dist/tex/latex/amsfonts/amsfonts.sty
Package: amsfonts 2013/01/14 v3.01 Basic AMSFonts support
\@emptytoks=\toks15
\symAMSa=\mathgroup4
\symAMSb=\mathgroup5
LaTeX Font Info:    Overwriting math alphabet `\mathfrak' in version `bold'
(Font)                  U/euf/m/n --> U/euf/b/n on input line 106.
))
(/usr/local/texlive/2015/texmf-dist/tex/latex/amsmath/amsmath.sty
Package: amsmath 2013/01/14 v2.14 AMS math features
\@mathmargin=\skip41

For additional information on amsmath, use the `?' option.
(/usr/local/texlive/2015/texmf-dist/tex/latex/amsmath/amstext.sty
Package: amstext 2000/06/29 v2.01

(/usr/local/texlive/2015/texmf-dist/tex/latex/amsmath/amsgen.sty
File: amsgen.sty 1999/11/30 v2.0
\@emptytoks=\toks16
\ex@=\dimen106
))
(/usr/local/texlive/2015/texmf-dist/tex/latex/amsmath/amsbsy.sty
Package: amsbsy 1999/11/29 v1.2d
\pmbraise@=\dimen107
)
(/usr/local/texlive/2015/texmf-dist/tex/latex/amsmath/amsopn.sty
Package: amsopn 1999/12/14 v2.01 operator names
)
\inf@bad=\count80
LaTeX Info: Redefining \frac on input line 210.
\uproot@=\count81
\leftroot@=\count82
LaTeX Info: Redefining \overline on input line 306.
\classnum@=\count83
\DOTSCASE@=\count84
LaTeX Info: Redefining \ldots on input line 378.
LaTeX Info: Redefining \dots on input line 381.
LaTeX Info: Redefining \cdots on input line 466.
\Mathstrutbox@=\box26
\strutbox@=\box27
\big@size=\dimen108
LaTeX Font Info:    Redeclaring font encoding OML on input line 566.
LaTeX Font Info:    Redeclaring font encoding OMS on input line 567.
\macc@depth=\count85
\c@MaxMatrixCols=\count86
\dotsspace@=\muskip10
\c@parentequation=\count87
\dspbrk@lvl=\count88
\tag@help=\toks17
\row@=\count89
\column@=\count90
\maxfields@=\count91
\andhelp@=\toks18
\eqnshift@=\dimen109
\alignsep@=\dimen110
\tagshift@=\dimen111
\tagwidth@=\dimen112
\totwidth@=\dimen113
\lineht@=\dimen114
\@envbody=\toks19
\multlinegap=\skip42
\multlinetaggap=\skip43
\mathdisplay@stack=\toks20
LaTeX Info: Redefining \[ on input line 2665.
LaTeX Info: Redefining \] on input line 2666.
)
Document Class 'sig-alternate' <9th June '13>. Modified by G.K.M. Tobin/Gerry M
urray/Boris Veytsman
Based in part upon document Style `acmconf' <22 May 89>. Hacked 4/91 by
shivers@cs.cmu.edu, 4/93 by theobald@cs.mcgill.ca
Excerpts were taken from (Journal Style) 'esub2acm.cls'.
****** Bugs/comments/suggestions/technicalities to Gerry Murray -- murray@hq.ac
m.org ******
Questions on the style, SIGS policies, etc. to Adrienne Griscti griscti@acm.org

\ACM@basesize=\count92
(/usr/local/texlive/2015/texmf-dist/tex/latex/comment/comment.sty
\CommentStream=\write3

Excluding comment 'comment') Excluding comment 'CCSXML'
\footheight=\dimen115
\@maxsep=\dimen116
\@dblmaxsep=\dimen117

(/usr/local/texlive/2015/texmf-dist/tex/generic/oberdiek/ifpdf.sty
Package: ifpdf 2011/01/30 v2.3 Provides the ifpdf switch (HO)
Package ifpdf Info: pdfTeX in PDF mode is detected.
)
\aucount=\count93
\originalaucount=\count94
\auwidth=\dimen118
\auskip=\dimen119
\auskipcount=\count95
\auskip=\dimen120
\allauboxes=\dimen121
\addauthors=\toks21
\addauflag=\count96
\subtitletext=\toks22
\savesection=\count97
\sectioncntr=\count98
\c@figure=\count99
\c@table=\count100
\titleboxnotes=\toks23
\titleboxnoteflag=\count101


LaTeX Warning: You have requested document class `sig-alternate-05-2015',
               but the document class provides `sig-alternate'.

Document Class: sig-alternate 2013/05/12 v2.7 based on acmproc.cls V1.3 <Nov. 3
0 '99>
(/usr/local/texlive/2015/texmf-dist/tex/latex/base/latexsym.sty
Package: latexsym 1998/08/17 v2.2e Standard LaTeX package (lasy symbols)
\symlasy=\mathgroup6
LaTeX Font Info:    Overwriting symbol font `lasy' in version `bold'
(Font)                  U/lasy/m/n --> U/lasy/b/n on input line 52.
)
\@acmtitlebox=\box28
\titlenotecount=\count102
\tntoks=\toks24
\tntokstwo=\toks25
\tntoksthree=\toks26
\tntoksfour=\toks27
\tntoksfive=\toks28
\catcount=\count103
\copyrightnotice=\toks29
\conf=\toks30
\confinfo=\toks31
\c@part=\count104
\c@section=\count105
\c@subsection=\count106
\c@subsubsection=\count107
\c@paragraph=\count108

Using 'Abbrev' bibliography style
LaTeX Info: Redefining \cite on input line 1408.
\bibindent=\dimen122
\colcntr=\count109
\saveb@x=\box29
\copyrtyr=\toks32
\acmcopyr=\toks33
\boilerplate=\toks34
(/usr/local/texlive/2015/texmf-dist/tex/latex/url/url.sty
\Urlmuskip=\muskip11
Package: url 2013/09/16  ver 3.4  Verb mode for urls, etc.
) (./acmcopyright.sty
Package: acmcopyright 2014/06/29 v1.2 Copyright statemens for ACM classes

(/usr/local/texlive/2015/texmf-dist/tex/latex/xkeyval/xkeyval.sty
Package: xkeyval 2014/12/03 v2.7a package option processing (HA)

(/usr/local/texlive/2015/texmf-dist/tex/generic/xkeyval/xkeyval.tex
(/usr/local/texlive/2015/texmf-dist/tex/generic/xkeyval/xkvutils.tex
\XKV@toks=\toks35
\XKV@tempa@toks=\toks36
)
\XKV@depth=\count110
File: xkeyval.tex 2014/12/03 v2.7a key=value parser (HA)
)))
\copyrightetc=\toks37

(/usr/local/texlive/2015/texmf-dist/tex/latex/base/fontenc.sty
Package: fontenc 2005/09/27 v1.99g Standard LaTeX package

(/usr/local/texlive/2015/texmf-dist/tex/latex/base/t1enc.def
File: t1enc.def 2005/09/27 v1.99g Standard LaTeX file
LaTeX Font Info:    Redeclaring font encoding T1 on input line 48.
)
LaTeX Font Info:    Try loading font information for T1+aer on input line 105.

(/usr/local/texlive/2015/texmf-dist/tex/latex/ae/t1aer.fd
File: t1aer.fd 1997/11/16 Font definitions for T1/aer.
)))
(/usr/local/texlive/2015/texmf-dist/tex/latex/listings/listings.sty
\lst@mode=\count111
\lst@gtempboxa=\box30
\lst@token=\toks38
\lst@length=\count112
\lst@currlwidth=\dimen123
\lst@column=\count113
\lst@pos=\count114
\lst@lostspace=\dimen124
\lst@width=\dimen125
\lst@newlines=\count115
\lst@lineno=\count116
\abovecaptionskip=\skip44
\belowcaptionskip=\skip45
\lst@maxwidth=\dimen126

(/usr/local/texlive/2015/texmf-dist/tex/latex/listings/lstmisc.sty
File: lstmisc.sty 2014/09/06 1.5e (Carsten Heinz)
\c@lstnumber=\count117
\lst@skipnumbers=\count118
\lst@framebox=\box31
)
(/usr/local/texlive/2015/texmf-dist/tex/latex/listings/listings.cfg
File: listings.cfg 2014/09/06 1.5e listings configuration
))
Package: listings 2014/09/06 1.5e (Carsten Heinz)

(/usr/local/texlive/2015/texmf-dist/tex/latex/float/float.sty
Package: float 2001/11/08 v1.3d Float enhancements (AL)
\c@float@type=\count119
\float@exts=\toks39
\float@box=\box32
\@float@everytoks=\toks40
\@floatcapt=\box33
)
(./sig-alternate-sample.aux)
\openout1 = `sig-alternate-sample.aux'.

LaTeX Font Info:    Checking defaults for OML/cmm/m/it on input line 52.
LaTeX Font Info:    ... okay on input line 52.
LaTeX Font Info:    Checking defaults for T1/cmr/m/n on input line 52.
LaTeX Font Info:    ... okay on input line 52.
LaTeX Font Info:    Checking defaults for OT1/cmr/m/n on input line 52.
LaTeX Font Info:    ... okay on input line 52.
LaTeX Font Info:    Checking defaults for OMS/cmsy/m/n on input line 52.
LaTeX Font Info:    ... okay on input line 52.
LaTeX Font Info:    Checking defaults for OMX/cmex/m/n on input line 52.
LaTeX Font Info:    ... okay on input line 52.
LaTeX Font Info:    Checking defaults for U/cmr/m/n on input line 52.
LaTeX Font Info:    ... okay on input line 52.

(/usr/local/texlive/2015/texmf-dist/tex/context/base/supp-pdf.mkii
[Loading MPS to PDF converter (version 2006.09.02).]
\scratchcounter=\count120
\scratchdimen=\dimen127
\scratchbox=\box34
\nofMPsegments=\count121
\nofMParguments=\count122
\everyMPshowfont=\toks41
\MPscratchCnt=\count123
\MPscratchDim=\dimen128
\MPnumerator=\count124
\makeMPintoPDFobject=\count125
\everyMPtoPDFconversion=\toks42
) (/usr/local/texlive/2015/texmf-dist/tex/generic/oberdiek/pdftexcmds.sty
Package: pdftexcmds 2011/11/29 v0.20 Utility functions of pdfTeX for LuaTeX (HO
)

(/usr/local/texlive/2015/texmf-dist/tex/generic/oberdiek/ifluatex.sty
Package: ifluatex 2010/03/01 v1.3 Provides the ifluatex switch (HO)
Package ifluatex Info: LuaTeX not detected.
)
Package pdftexcmds Info: LuaTeX not detected.
Package pdftexcmds Info: \pdf@primitive is available.
Package pdftexcmds Info: \pdf@ifprimitive is available.
Package pdftexcmds Info: \pdfdraftmode found.
)
(/usr/local/texlive/2015/texmf-dist/tex/latex/oberdiek/epstopdf-base.sty
Package: epstopdf-base 2010/02/09 v2.5 Base part for package epstopdf

(/usr/local/texlive/2015/texmf-dist/tex/latex/oberdiek/grfext.sty
Package: grfext 2010/08/19 v1.1 Manage graphics extensions (HO)

(/usr/local/texlive/2015/texmf-dist/tex/generic/oberdiek/kvdefinekeys.sty
Package: kvdefinekeys 2011/04/07 v1.3 Define keys (HO)
))
(/usr/local/texlive/2015/texmf-dist/tex/latex/oberdiek/kvoptions.sty
Package: kvoptions 2011/06/30 v3.11 Key value format for package options (HO)

(/usr/local/texlive/2015/texmf-dist/tex/generic/oberdiek/kvsetkeys.sty
Package: kvsetkeys 2012/04/25 v1.16 Key value parser (HO)

(/usr/local/texlive/2015/texmf-dist/tex/generic/oberdiek/etexcmds.sty
Package: etexcmds 2011/02/16 v1.5 Avoid name clashes with e-TeX commands (HO)
Package etexcmds Info: Could not find \expanded.
(etexcmds)             That can mean that you are not using pdfTeX 1.50 or
(etexcmds)             that some package has redefined \expanded.
(etexcmds)             In the latter case, load this package earlier.
)))
Package grfext Info: Graphics extension search list:
(grfext)             [.png,.pdf,.jpg,.mps,.jpeg,.jbig2,.jb2,.PNG,.PDF,.JPG,.JPE
G,.JBIG2,.JB2,.eps]
(grfext)             \AppendGraphicsExtensions on input line 452.

(/usr/local/texlive/2015/texmf-dist/tex/latex/latexconfig/epstopdf-sys.cfg
File: epstopdf-sys.cfg 2010/07/13 v1.3 Configuration of (r)epstopdf for TeX Liv
e
))
\c@lstlisting=\count126
LaTeX Font Info:    Try loading font information for U+msa on input line 142.

(/usr/local/texlive/2015/texmf-dist/tex/latex/amsfonts/umsa.fd
File: umsa.fd 2013/01/14 v3.01 AMS symbols A
)
LaTeX Font Info:    Try loading font information for U+msb on input line 142.

(/usr/local/texlive/2015/texmf-dist/tex/latex/amsfonts/umsb.fd
File: umsb.fd 2013/01/14 v3.01 AMS symbols B
)
LaTeX Font Info:    Try loading font information for U+lasy on input line 142.

(/usr/local/texlive/2015/texmf-dist/tex/latex/base/ulasy.fd
File: ulasy.fd 1998/08/17 v2.2e LaTeX symbol font definitions
)
LaTeX Font Info:    Try loading font information for T1+ptm on input line 142.

(/usr/local/texlive/2015/texmf-dist/tex/latex/psnfss/t1ptm.fd
File: t1ptm.fd 2001/06/04 font definitions for T1/ptm.
)
Underfull \hbox (badness 10000) in paragraph at lines 169--170

 []


Underfull \hbox (badness 10000) in paragraph at lines 171--172

 []

<./figures/TeaParty.png, id=1, 358.33875pt x 359.3425pt>
File: ./figures/TeaParty.png Graphic file (type png)

<use ./figures/TeaParty.png>
Package pdftex.def Info: ./figures/TeaParty.png used on input line 175.
(pdftex.def)             Requested size: 122.85876pt x 123.20016pt.

Underfull \hbox (badness 10000) in paragraph at lines 180--181

 []

<./figures/TalkRadio.png, id=3, 295.1025pt x 165.61874pt>
File: ./figures/TalkRadio.png Graphic file (type png)

<use ./figures/TalkRadio.png>
Package pdftex.def Info: ./figures/TalkRadio.png used on input line 184.
(pdftex.def)             Requested size: 180.67499pt x 101.40129pt.

Underfull \hbox (badness 10000) in paragraph at lines 195--196

 []

[1{/usr/local/texlive/2015/texmf-var/fonts/map/pdftex/updmap/pdftex.map}


 <./figures/TeaParty.png>] <./figures/ObamaCare.png, id=17, 295.1025pt x 164.61
5pt>
File: ./figures/ObamaCare.png Graphic file (type png)

<use ./figures/ObamaCare.png>
Package pdftex.def Info: ./figures/ObamaCare.png used on input line 203.
(pdftex.def)             Requested size: 122.85876pt x 68.53247pt.

<./figures/MedianIncome.png, id=18, 606.265pt x 340.27126pt>
File: ./figures/MedianIncome.png Graphic file (type png)

<use ./figures/MedianIncome.png>
Package pdftex.def Info: ./figures/MedianIncome.png used on input line 212.
(pdftex.def)             Requested size: 180.67499pt x 101.40718pt.

<./figures/DemoChange.png, id=19, 469.755pt x 313.17pt>
File: ./figures/DemoChange.png Graphic file (type png)

<use ./figures/DemoChange.png>
Package pdftex.def Info: ./figures/DemoChange.png used on input line 221.
(pdftex.def)             Requested size: 180.67499pt x 120.44896pt.
 [2 <./figures/TalkRadio.png> <./figures/ObamaCare.png> <./figures/MedianIncome
.png> <./figures/DemoChange.png>]
Overfull \hbox (5.55154pt too wide) in paragraph at lines 236--237
\T1/aer/m/n/9 emer-gence of Trump is an un-fore-seen phe-nomenon that maybe
 []

<./figures/TheDivide.jpg, id=27, 469.755pt x 264.23718pt>
File: ./figures/TheDivide.jpg Graphic file (type jpg)

<use ./figures/TheDivide.jpg>
Package pdftex.def Info: ./figures/TheDivide.jpg used on input line 240.
(pdftex.def)             Requested size: 144.54pt x 81.30385pt.

Underfull \hbox (badness 10000) in paragraph at lines 246--247

 []


Overfull \hbox (1.10518pt too wide) in paragraph at lines 248--249
\T1/aer/m/n/9 news an-a-lysts said that the Re-pub-li-can party needs to change

 []


Underfull \hbox (badness 10000) in paragraph at lines 248--249

 []

<./figures/PageRankCartoon.png, id=28, 1116.17pt x 799.98875pt>
File: ./figures/PageRankCartoon.png Graphic file (type png)

<use ./figures/PageRankCartoon.png>
Package pdftex.def Info: ./figures/PageRankCartoon.png used on input line 256.
(pdftex.def)             Requested size: 180.67499pt x 129.49004pt.

Underfull \hbox (badness 10000) in paragraph at lines 261--262

 []

<./figures/TrumpProfile.png, id=29, 590.205pt x 329.23pt>
File: ./figures/TrumpProfile.png Graphic file (type png)

<use ./figures/TrumpProfile.png>
Package pdftex.def Info: ./figures/TrumpProfile.png used on input line 268.
(pdftex.def)             Requested size: 216.81pt x 120.93907pt.

Underfull \hbox (badness 10000) in paragraph at lines 272--273

 []


Underfull \hbox (badness 10000) in paragraph at lines 274--275

 []

<./figures/FifoQueue.png, id=30, 298.11375pt x 196.735pt>
File: ./figures/FifoQueue.png Graphic file (type png)

<use ./figures/FifoQueue.png>
Package pdftex.def Info: ./figures/FifoQueue.png used on input line 281.
(pdftex.def)             Requested size: 144.54pt x 95.38632pt.
 [3 <./figures/TheDivide.jpg> <./figures/PageRankCartoon.png> <./figures/TrumpP
rofile.png>]
Underfull \hbox (badness 10000) in paragraph at lines 292--293

 []

<./figures/BfsOrder.png, id=36, 302.12875pt x 198.7425pt>
File: ./figures/BfsOrder.png Graphic file (type png)

<use ./figures/BfsOrder.png>
Package pdftex.def Info: ./figures/BfsOrder.png used on input line 304.
(pdftex.def)             Requested size: 144.54pt x 95.07993pt.

Underfull \hbox (badness 10000) in paragraph at lines 345--346

 []


Underfull \hbox (badness 10000) in paragraph at lines 347--348

 []

[4 <./figures/FifoQueue.png> <./figures/BfsOrder.png>]
<./figures/TopTen.png, id=46, 395.4775pt x 172.645pt>
File: ./figures/TopTen.png Graphic file (type png)

<use ./figures/TopTen.png>
Package pdftex.def Info: ./figures/TopTen.png used on input line 372.
(pdftex.def)             Requested size: 252.94499pt x 110.42392pt.

Overfull \hbox (12.94499pt too wide) in paragraph at lines 372--373
 [][] 
 []

<./figures/SeedSet.png, id=47, 348.30125pt x 488.82625pt>
File: ./figures/SeedSet.png Graphic file (type png)

<use ./figures/SeedSet.png>
Package pdftex.def Info: ./figures/SeedSet.png used on input line 439.
(pdftex.def)             Requested size: 252.94499pt x 354.99785pt.

Overfull \hbox (12.94499pt too wide) in paragraph at lines 439--440
 [][] 
 []

[5 <./figures/TopTen.png>] [6

 <./figures/SeedSet.png>]
(./sig-alternate-sample.aux) ) 
Here is how much of TeX's memory you used:
 4490 strings out of 493089
 60963 string characters out of 6134842
 135649 words of memory out of 5000000
 7849 multiletter control sequences out of 15000+600000
 54990 words of font info for 77 fonts, out of 8000000 for 9000
 1141 hyphenation exceptions out of 8191
 41i,10n,35p,878b,467s stack positions out of 5000i,500n,10000p,200000b,80000s
{/usr/local/texlive/2015/texmf-dist/fonts/enc/dvi
ps/base/8r.enc}</usr/local/texlive/2015/texmf-dist/fonts/type1/public/amsfonts/
cm/cmbx9.pfb></usr/local/texlive/2015/texmf-dist/fonts/type1/public/amsfonts/cm
extra/cmex9.pfb></usr/local/texlive/2015/texmf-dist/fonts/type1/public/amsfonts
/cm/cmmi6.pfb></usr/local/texlive/2015/texmf-dist/fonts/type1/public/amsfonts/c
m/cmmi9.pfb></usr/local/texlive/2015/texmf-dist/fonts/type1/public/amsfonts/cm/
cmr6.pfb></usr/local/texlive/2015/texmf-dist/fonts/type1/public/amsfonts/cm/cmr
8.pfb></usr/local/texlive/2015/texmf-dist/fonts/type1/public/amsfonts/cm/cmr9.p
fb></usr/local/texlive/2015/texmf-dist/fonts/type1/public/amsfonts/cm/cmsy9.pfb
></usr/local/texlive/2015/texmf-dist/fonts/type1/public/amsfonts/cm/cmti9.pfb><
/usr/local/texlive/2015/texmf-dist/fonts/type1/urw/helvetic/uhvb8a.pfb></usr/lo
cal/texlive/2015/texmf-dist/fonts/type1/urw/helvetic/uhvr8a.pfb></usr/local/tex
live/2015/texmf-dist/fonts/type1/urw/times/utmb8a.pfb></usr/local/texlive/2015/
texmf-dist/fonts/type1/urw/times/utmr8a.pfb>
Output written on sig-alternate-sample.pdf (6 pages, 1076994 bytes).
PDF statistics:
 99 PDF objects out of 1000 (max. 8388607)
 55 compressed objects within 1 object stream
 0 named destinations out of 1000 (max. 500000)
 61 words of extra memory for PDF output out of 10000 (max. 10000000)

